<?xml version="1.0" encoding="UTF-8" standalone="yes"?><!DOCTYPE report PUBLIC "-//JACOCO//DTD Report 1.1//EN" "report.dtd"><report name="hagimule"><sessioninfo id="meshmachine-bc8b01cc" start="1734018599346" dump="1734018599767"/><sessioninfo id="meshmachine-2e7d6288" start="1734018617916" dump="1734018618356"/><sessioninfo id="meshmachine-7f6e64a7" start="1734018787798" dump="1734018788207"/><sessioninfo id="meshmachine-cfd8d1a8" start="1734018818377" dump="1734018818829"/><sessioninfo id="meshmachine-ca3abcc" start="1734018824941" dump="1734018825393"/><sessioninfo id="meshmachine-1356449f" start="1734018841056" dump="1734018841472"/><sessioninfo id="meshmachine-7a369c38" start="1734018894334" dump="1734018894746"/><sessioninfo id="meshmachine-11b4d315" start="1734018913278" dump="1734018913722"/><sessioninfo id="meshmachine-bc4b5592" start="1734019067867" dump="1734019068311"/><sessioninfo id="meshmachine-f9921fa9" start="1734019071198" dump="1734019071637"/><sessioninfo id="meshmachine-23c3e9e1" start="1734019153610" dump="1734019154050"/><sessioninfo id="meshmachine-d0ae50d7" start="1734019277264" dump="1734019277726"/><sessioninfo id="meshmachine-e8f25bc8" start="1734019557531" dump="1734019557986"/><sessioninfo id="meshmachine-27e55a42" start="1734019562632" dump="1734019563064"/><sessioninfo id="meshmachine-8c9378b7" start="1734019630541" dump="1734019630968"/><sessioninfo id="meshmachine-fbdad433" start="1734019649156" dump="1734019649609"/><sessioninfo id="meshmachine-2acc3c14" start="1734019653722" dump="1734019654235"/><sessioninfo id="meshmachine-6217387e" start="1734019918815" dump="1734019919266"/><sessioninfo id="meshmachine-8a69fdd1" start="1734019923407" dump="1734019923892"/><sessioninfo id="jackwire-307a20cc" start="1734074047232" dump="1734074048797"/><sessioninfo id="jackwire-df075b5b" start="1734074070657" dump="1734074072364"/><sessioninfo id="jackwire-98d9943a" start="1734074602092" dump="1734074603936"/><sessioninfo id="jackwire-9aae18d8" start="1734074635589" dump="1734074637084"/><sessioninfo id="jackwire-43b9b48a" start="1734075627257" dump="1734075628955"/><sessioninfo id="jackwire-d1a5bea9" start="1734076567609" dump="1734076569448"/><sessioninfo id="jackwire-ec40882f" start="1734077905958" dump="1734077908099"/><sessioninfo id="jackwire-ca71a661" start="1734077964190" dump="1734077966381"/><sessioninfo id="jackwire-a9a11193" start="1734078031410" dump="1734078033850"/><sessioninfo id="jackwire-a97d5267" start="1734078832632" dump="1734078836391"/><sessioninfo id="jackwire-6b71cf7e" start="1734079134225" dump="1734079137643"/><sessioninfo id="jackwire-3bd17ede" start="1734079200481" dump="1734079203777"/><sessioninfo id="meshmachine-24342e1e" start="1736507073183" dump="1736507073649"/><sessioninfo id="meshmachine-6683dca1" start="1736507093793" dump="1736507094236"/><sessioninfo id="meshmachine-b7363d2c" start="1736507113265" dump="1736507113692"/><sessioninfo id="meshmachine-84c7a96f" start="1736507933508" dump="1736507933939"/><sessioninfo id="meshmachine-3573ad83" start="1736508025570" dump="1736508025993"/><sessioninfo id="meshmachine-25ba7f03" start="1736508116500" dump="1736508116944"/><sessioninfo id="meshmachine-3f73cadb" start="1736508225542" dump="1736508225972"/><sessioninfo id="meshmachine-e295e682" start="1736508281886" dump="1736508282375"/><sessioninfo id="meshmachine-f73065f6" start="1736508672156" dump="1736508672596"/><sessioninfo id="meshmachine-b77074e0" start="1736508722294" dump="1736508722734"/><sessioninfo id="meshmachine-1f4520b5" start="1736508814678" dump="1736508815096"/><sessioninfo id="meshmachine-719233f4" start="1736508843665" dump="1736508844131"/><sessioninfo id="meshmachine-c3237cb6" start="1736508907510" dump="1736508907935"/><sessioninfo id="meshmachine-5aa1c3f" start="1736508951825" dump="1736508952239"/><sessioninfo id="meshmachine-d161567a" start="1736508997552" dump="1736508998004"/><sessioninfo id="meshmachine-ad7ac75e" start="1736509054886" dump="1736509055338"/><package name="fr/n7/hagimule"><class name="fr/n7/hagimule/Server" sourcefilename="Server.java"><method name="main" desc="([Ljava/lang/String;)V" line="23"><counter type="INSTRUCTION" missed="40" covered="0"/><counter type="LINE" missed="9" covered="0"/><counter type="COMPLEXITY" missed="1" covered="0"/><counter type="METHOD" missed="1" covered="0"/></method><counter type="INSTRUCTION" missed="40" covered="0"/><counter type="LINE" missed="9" covered="0"/><counter type="COMPLEXITY" missed="1" covered="0"/><counter type="METHOD" missed="1" covered="0"/><counter type="CLASS" missed="1" covered="0"/></class><class name="fr/n7/hagimule/ServerImpl" sourcefilename="ServerImpl.java"><method name="&lt;init&gt;" desc="()V" line="18"><counter type="INSTRUCTION" missed="77" covered="0"/><counter type="BRANCH" missed="2" covered="0"/><counter type="LINE" missed="22" covered="0"/><counter type="COMPLEXITY" missed="2" covered="0"/><counter type="METHOD" missed="1" covered="0"/></method><method name="query" desc="(Ljava/lang/String;)Ljava/sql/ResultSet;" line="90"><counter type="INSTRUCTION" missed="10" covered="0"/><counter type="LINE" missed="3" covered="0"/><counter type="COMPLEXITY" missed="1" covered="0"/><counter type="METHOD" missed="1" covered="0"/></method><method name="ping" desc="()Ljava/lang/String;" line="97"><counter type="INSTRUCTION" missed="5" covered="0"/><counter type="LINE" missed="2" covered="0"/><counter type="COMPLEXITY" missed="1" covered="0"/><counter type="METHOD" missed="1" covered="0"/></method><method name="addFileToDirectory" desc="(Ljava/lang/String;Ljava/lang/String;)Ljava/lang/String;" line="104"><counter type="INSTRUCTION" missed="55" covered="0"/><counter type="BRANCH" missed="2" covered="0"/><counter type="LINE" missed="9" covered="0"/><counter type="COMPLEXITY" missed="2" covered="0"/><counter type="METHOD" missed="1" covered="0"/></method><method name="getClientsForFile" desc="(Ljava/lang/String;)[Ljava/lang/String;" line="119"><counter type="INSTRUCTION" missed="33" covered="0"/><counter type="BRANCH" missed="2" covered="0"/><counter type="LINE" missed="7" covered="0"/><counter type="COMPLEXITY" missed="2" covered="0"/><counter type="METHOD" missed="1" covered="0"/></method><counter type="INSTRUCTION" missed="180" covered="0"/><counter type="BRANCH" missed="6" covered="0"/><counter type="LINE" missed="43" covered="0"/><counter type="COMPLEXITY" missed="8" covered="0"/><counter type="METHOD" missed="5" covered="0"/><counter type="CLASS" missed="1" covered="0"/></class><class name="fr/n7/hagimule/Client" sourcefilename="Client.java"><method name="main" desc="([Ljava/lang/String;)V" line="19"><counter type="INSTRUCTION" missed="30" covered="0"/><counter type="LINE" missed="9" covered="0"/><counter type="COMPLEXITY" missed="1" covered="0"/><counter type="METHOD" missed="1" covered="0"/></method><counter type="INSTRUCTION" missed="30" covered="0"/><counter type="LINE" missed="9" covered="0"/><counter type="COMPLEXITY" missed="1" covered="0"/><counter type="METHOD" missed="1" covered="0"/><counter type="CLASS" missed="1" covered="0"/></class><class name="fr/n7/hagimule/MuleServer" sourcefilename="MuleServer.java"/><sourcefile name="Server.java"><line nr="23" mi="3" ci="0" mb="0" cb="0"/><line nr="25" mi="3" ci="0" mb="0" cb="0"/><line nr="26" mi="4" ci="0" mb="0" cb="0"/><line nr="27" mi="3" ci="0" mb="0" cb="0"/><line nr="28" mi="11" ci="0" mb="0" cb="0"/><line nr="29" mi="11" ci="0" mb="0" cb="0"/><line nr="30" mi="2" ci="0" mb="0" cb="0"/><line nr="31" mi="2" ci="0" mb="0" cb="0"/><line nr="33" mi="1" ci="0" mb="0" cb="0"/><counter type="INSTRUCTION" missed="40" covered="0"/><counter type="LINE" missed="9" covered="0"/><counter type="COMPLEXITY" missed="1" covered="0"/><counter type="METHOD" missed="1" covered="0"/><counter type="CLASS" missed="1" covered="0"/></sourcefile><sourcefile name="ServerImpl.java"><line nr="18" mi="2" ci="0" mb="0" cb="0"/><line nr="19" mi="3" ci="0" mb="0" cb="0"/><line nr="21" mi="2" ci="0" mb="0" cb="0"/><line nr="26" mi="2" ci="0" mb="0" cb="0"/><line nr="29" mi="4" ci="0" mb="0" cb="0"/><line nr="30" mi="3" ci="0" mb="0" cb="0"/><line nr="31" mi="2" ci="0" mb="0" cb="0"/><line nr="32" mi="4" ci="0" mb="0" cb="0"/><line nr="33" mi="2" ci="0" mb="0" cb="0"/><line nr="39" mi="2" ci="0" mb="0" cb="0"/><line nr="40" mi="4" ci="0" mb="0" cb="0"/><line nr="41" mi="4" ci="0" mb="2" cb="0"/><line nr="42" mi="9" ci="0" mb="0" cb="0"/><line nr="43" mi="6" ci="0" mb="0" cb="0"/><line nr="44" mi="7" ci="0" mb="0" cb="0"/><line nr="45" mi="7" ci="0" mb="0" cb="0"/><line nr="47" mi="2" ci="0" mb="0" cb="0"/><line nr="48" mi="3" ci="0" mb="0" cb="0"/><line nr="49" mi="2" ci="0" mb="0" cb="0"/><line nr="50" mi="3" ci="0" mb="0" cb="0"/><line nr="86" mi="3" ci="0" mb="0" cb="0"/><line nr="87" mi="1" ci="0" mb="0" cb="0"/><line nr="90" mi="4" ci="0" mb="0" cb="0"/><line nr="91" mi="4" ci="0" mb="0" cb="0"/><line nr="92" mi="2" ci="0" mb="0" cb="0"/><line nr="97" mi="3" ci="0" mb="0" cb="0"/><line nr="98" mi="2" ci="0" mb="0" cb="0"/><line nr="104" mi="5" ci="0" mb="2" cb="0"/><line nr="105" mi="6" ci="0" mb="0" cb="0"/><line nr="106" mi="4" ci="0" mb="0" cb="0"/><line nr="107" mi="6" ci="0" mb="0" cb="0"/><line nr="108" mi="10" ci="0" mb="0" cb="0"/><line nr="110" mi="4" ci="0" mb="0" cb="0"/><line nr="111" mi="4" ci="0" mb="0" cb="0"/><line nr="112" mi="6" ci="0" mb="0" cb="0"/><line nr="113" mi="10" ci="0" mb="0" cb="0"/><line nr="119" mi="9" ci="0" mb="0" cb="0"/><line nr="120" mi="5" ci="0" mb="2" cb="0"/><line nr="121" mi="6" ci="0" mb="0" cb="0"/><line nr="122" mi="3" ci="0" mb="0" cb="0"/><line nr="123" mi="5" ci="0" mb="0" cb="0"/><line nr="125" mi="3" ci="0" mb="0" cb="0"/><line nr="126" mi="2" ci="0" mb="0" cb="0"/><counter type="INSTRUCTION" missed="180" covered="0"/><counter type="BRANCH" missed="6" covered="0"/><counter type="LINE" missed="43" covered="0"/><counter type="COMPLEXITY" missed="8" covered="0"/><counter type="METHOD" missed="5" covered="0"/><counter type="CLASS" missed="1" covered="0"/></sourcefile><sourcefile name="MuleServer.java"/><sourcefile name="Client.java"><line nr="19" mi="3" ci="0" mb="0" cb="0"/><line nr="23" mi="4" ci="0" mb="0" cb="0"/><line nr="24" mi="3" ci="0" mb="0" cb="0"/><line nr="25" mi="3" ci="0" mb="0" cb="0"/><line nr="26" mi="3" ci="0" mb="0" cb="0"/><line nr="27" mi="9" ci="0" mb="0" cb="0"/><line nr="28" mi="2" ci="0" mb="0" cb="0"/><line nr="29" mi="2" ci="0" mb="0" cb="0"/><line nr="31" mi="1" ci="0" mb="0" cb="0"/><counter type="INSTRUCTION" missed="30" covered="0"/><counter type="LINE" missed="9" covered="0"/><counter type="COMPLEXITY" missed="1" covered="0"/><counter type="METHOD" missed="1" covered="0"/><counter type="CLASS" missed="1" covered="0"/></sourcefile><counter type="INSTRUCTION" missed="250" covered="0"/><counter type="BRANCH" missed="6" covered="0"/><counter type="LINE" missed="61" covered="0"/><counter type="COMPLEXITY" missed="10" covered="0"/><counter type="METHOD" missed="7" covered="0"/><counter type="CLASS" missed="3" covered="0"/></package><counter type="INSTRUCTION" missed="250" covered="0"/><counter type="BRANCH" missed="6" covered="0"/><counter type="LINE" missed="61" covered="0"/><counter type="COMPLEXITY" missed="10" covered="0"/><counter type="METHOD" missed="7" covered="0"/><counter type="CLASS" missed="3" covered="0"/></report>